<?xml version="1.0" encoding="UTF-8"?>
<testsuite name="by.gradomski.utils.StringUtilsTest" tests="1" skipped="0" failures="0" errors="0" timestamp="2020-10-19T10:57:29" hostname="GRADOMA" time="0.079">
  <properties/>
  <testcase name="isPositiveNumber()" classname="by.gradomski.utils.StringUtilsTest" time="0.079"/>
  <system-out><![CDATA[]]></system-out>
  <system-err><![CDATA[]]></system-err>
</testsuite>
